
TransE:

FB237-25
TransE:Hit@10:29.6    MMR:14.9   MR:1480
left:1428.94    0.30013 1428.81 0.30013
left:0.145865   0.146128
right:1531.83   0.291667        1531.68 0.296875
right:0.150811  0.15214

FB237-50
TransE:Hit@10:27.1   MMR:11.9    MR:694
left:687.09     0.260527        686.748 0.262495
left:0.111502   0.112349
right:702.78    0.277843        702.445 0.280008
right:0.124556  0.125433

FB237-100
TransE:Hit@10:25.0   MMR:11.0   MR:530
left:546.611    0.231227        545.969 0.234375
left:0.100556   0.101393
right:514.928   0.265508        514.364 0.268657
right:0.117333  0.118396

FB237-200
TransE:Hit@10:25.1   MMR:11.1   MR:401
left:421.212    0.221907        419.947 0.223884
left:0.0975165  0.0984021
right:382.042   0.272891        381.159 0.27719
right:0.121046  0.122683


TransR:

FB237-50
Hit@10: 26.6	MMR:11.4	MR:975
left:973.191    0.256985        972.849 0.258756
left:0.109064   0.109744
right:977.399   0.272137        977.064 0.274105
right:0.1183    0.119052


FB237-100
Hit@10: 24.3	MMR:10.1	MR:621.9
left:637.334    0.227845        636.691 0.231227
left:0.0943     0.0951114
right:607.724   0.252449        607.159 0.255714
right:0.106854  0.107791
