Step 1:
usage: hub_threshold(int) output_path{str}
remove hub nodes with over  25  neighbors
cooked train data :  21329
cooked test data :  1536
cooked valid data :  1314
usage: hub_threshold(int) output_path{str}
remove hub nodes with over  50  neighbors
cooked train data :  78940
cooked test data :  5082
cooked valid data :  4325
usage: hub_threshold(int) output_path{str}
remove hub nodes with over  100  neighbors
cooked train data :  134609
cooked test data :  8576
cooked valid data :  7336
usage: hub_threshold(int) output_path{str}
remove hub nodes with over  200  neighbors
cooked train data :  170479
cooked test data :  11631
cooked valid data :  9920
usage: hub_threshold(int) output_path{str}
remove hub nodes with over  400  neighbors
cooked train data :  205795
cooked test data :  14786
cooked valid data :  12620


Step 2: Test connectivity
test data connectivity
loading  1000 0.00241551925645
loading  2000 0.00499551737334
{0: 69, 2: 438, 3: 674, 4: 158, 5: 326, 6: 212, 7: 304, 8: 134, 9: 96, 10: 52, -1: 412}
success reach pair : 2463
unreach pair : 412
reachable percentage :  0.856695652174
valid data connectivity
loading  1000 0.000324949265497
loading  2000 0.00407196632191
{0: 67, 2: 372, 3: 626, 4: 140, 5: 314, 6: 160, 7: 220, 8: 144, 9: 96, 10: 26, -1: 302}
success reach pair : 2165
unreach pair : 302
reachable percentage :  0.877584110255
usage: data_folder(str) max_path_len(int)
test data connectivity
loading  1000 0.000163564888386
loading  2000 0.00018120889847
loading  3000 0.000214187066573
loading  4000 0.000474978026456
loading  5000 0.000445507316721
loading  6000 0.000416072383459
loading  7000 0.000385158763209
loading  8000 0.000438511566953
loading  9000 0.000579783084818
{0: 76, 2: 2864, 3: 4100, 4: 1486, 5: 878, 6: 126, 7: 26, 8: 6, -1: 192}
success reach pair : 9562
unreach pair : 192
reachable percentage :  0.98031576789
valid data connectivity
loading  1000 0.000210327178921
loading  2000 0.000356305122239
loading  3000 0.000303801055054
loading  4000 0.000297942478842
loading  5000 0.00077562501288
loading  6000 0.00122004276847
loading  7000 0.0013148468565
loading  8000 0.00117820201146
{0: 77, 2: 2410, 3: 3638, 4: 1262, 5: 652, 6: 70, 7: 24, 8: 4, -1: 156}
success reach pair : 8137
unreach pair : 156
reachable percentage :  0.98118895454
usage: data_folder(str) max_path_len(int)
test data connectivity
loading  1000 7.48650207461e-05
loading  2000 0.000145859787712
loading  3000 0.000158540342525
loading  4000 0.000156762865742
loading  5000 0.000153160870119
loading  6000 0.000171061375745
loading  7000 0.000163554600904
loading  8000 0.000167519840002
loading  9000 0.00017665854253
loading  10000 0.000192698907581
loading  11000 0.000190941995027
loading  12000 0.000203106738826
loading  13000 0.00019661168383
loading  14000 0.000212098878191
loading  15000 0.000213130508052
loading  16000 0.000244552499716
{0: 79, 2: 7010, 3: 7752, 4: 1196, 5: 308, 6: 32, -1: 160}
success reach pair : 16377
unreach pair : 160
reachable percentage :  0.990324726371
valid data connectivity
loading  1000 7.49634232237e-05
loading  2000 0.000134985260292
loading  3000 0.000151398540627
loading  4000 0.000148687747031
loading  5000 0.000153564522567
loading  6000 0.000160440511679
loading  7000 0.000185635254404
loading  8000 0.000223646476489
loading  9000 0.000215624310067
loading  10000 0.000220087285933
loading  11000 0.000226832291408
loading  12000 0.00024326264616
loading  13000 0.0002420691276
loading  14000 0.000384637413266
{0: 79, 2: 5986, 3: 6758, 4: 982, 5: 214, 6: 16, -1: 124}
success reach pair : 14035
unreach pair : 124
reachable percentage :  0.991242319373
usage: data_folder(str) max_path_len(int)
test data connectivity
loading  1000 7.96885163035e-05
loading  2000 7.94692867311e-05
loading  3000 7.94090770875e-05
loading  4000 0.000115259328598
loading  5000 0.000130090466969
loading  6000 0.00012177272867
loading  7000 0.000126981189807
loading  8000 0.00012817347145
loading  9000 0.000134930585426
loading  10000 0.000141758465656
loading  11000 0.000136290298172
loading  12000 0.000136384440146
loading  13000 0.000140677515796
loading  14000 0.000163835555684
loading  15000 0.000159921484011
loading  16000 0.000161351681289
loading  17000 0.000167896631824
loading  18000 0.000168775398752
loading  19000 0.000176652841736
loading  20000 0.000181980307372
loading  21000 0.000183532461943
loading  22000 0.000185855940165
{0: 81, 2: 11344, 3: 10000, 4: 822, -1: 292}
success reach pair : 22247
unreach pair : 292
reachable percentage :  0.987044678113
valid data connectivity
loading  1000 7.97738313425e-05
loading  2000 7.9605072475e-05
loading  3000 0.000119456884216
loading  4000 0.000131494811889
loading  5000 0.000125593736426
loading  6000 0.000128998664059
loading  7000 0.000128333465035
loading  8000 0.000136231338796
loading  9000 0.000137417677571
loading  10000 0.000140683802159
loading  11000 0.000157267205028
loading  12000 0.000180260163791
loading  13000 0.000178771838878
loading  14000 0.000184625078974
loading  15000 0.000188267149754
loading  16000 0.000196407027873
loading  17000 0.000203844064115
loading  18000 0.00020819074787
loading  19000 0.000261830350216
{0: 80, 2: 9608, 3: 8734, 4: 614, -1: 198}
success reach pair : 19036
unreach pair : 198
reachable percentage :  0.989705729437
usage: data_folder(str) max_path_len(int)
test data connectivity
loading  1000 7.41505212347e-05
loading  2000 7.41829553201e-05
loading  3000 7.41449903233e-05
loading  4000 7.41930703001e-05
loading  5000 7.41543852734e-05
loading  6000 9.79480423864e-05
loading  7000 9.46823122837e-05
loading  8000 0.000105825061369
loading  9000 0.000102329278328
loading  10000 9.95718642316e-05
loading  11000 0.000104384098804
loading  12000 0.000106593691297
loading  13000 0.000112572120709
loading  14000 0.000117031769176
loading  15000 0.000115720035598
loading  16000 0.000113228389115
loading  17000 0.000118116990263
loading  18000 0.0001182283655
loading  19000 0.000136134949061
loading  20000 0.000133980147802
loading  21000 0.000136096785634
loading  22000 0.000140371827905
loading  23000 0.000143333047158
loading  24000 0.000141531255141
loading  25000 0.000149983306701
loading  26000 0.000153370155015
loading  27000 0.000153750554463
loading  28000 0.00015556049796
{0: 82, 2: 16624, 3: 11350, 4: 486, -1: 184}
success reach pair : 28542
unreach pair : 184
reachable percentage :  0.993594652928
valid data connectivity
loading  1000 7.41760561654e-05
loading  2000 7.40993017686e-05
loading  3000 7.42270583885e-05
loading  4000 7.42323144133e-05
loading  5000 9.81674578902e-05
loading  6000 9.42875006526e-05
loading  7000 0.000107092737531
loading  8000 0.000103081385298
loading  9000 0.000107313840325
loading  10000 0.000104099284761
loading  11000 0.000110469449163
loading  12000 0.000117574909828
loading  13000 0.000114361666845
loading  14000 0.000117838136205
loading  15000 0.00013107588357
loading  16000 0.000144072202572
loading  17000 0.000145908962099
loading  18000 0.000148127592813
loading  19000 0.000151864715423
loading  20000 0.000155322481905
loading  21000 0.000161039704863
loading  22000 0.000167742551695
loading  23000 0.000170730211515
loading  24000 0.000212657218509
{0: 81, 2: 14060, 3: 9972, 4: 350, -1: 114}
success reach pair : 24463
unreach pair : 114
reachable percentage :  0.995361516865

